This is pdfTeX, Version 3.14159265-2.6-1.40.16 (TeX Live 2015) (preloaded format=pdflatex 2016.4.7)  6 DEC 2016 17:49
entering extended mode
 restricted \write18 enabled.
 file:line:error style messages enabled.
 %&-line parsing enabled.
**\input report.tex
(./report.tex (/usr/local/texlive/2015/texmf-dist/tex/latex/base/article.cls
Document Class: article 2014/09/29 v1.4h Standard LaTeX document class
(/usr/local/texlive/2015/texmf-dist/tex/latex/base/size10.clo
File: size10.clo 2014/09/29 v1.4h Standard LaTeX file (size option)
)
\c@part=\count79
\c@section=\count80
\c@subsection=\count81
\c@subsubsection=\count82
\c@paragraph=\count83
\c@subparagraph=\count84
\c@figure=\count85
\c@table=\count86
\abovecaptionskip=\skip41
\belowcaptionskip=\skip42
\bibindent=\dimen102
)
(/usr/local/texlive/2015/texmf-dist/tex/latex/booktabs/booktabs.sty
Package: booktabs 2005/04/14 v1.61803 publication quality tables
\heavyrulewidth=\dimen103
\lightrulewidth=\dimen104
\cmidrulewidth=\dimen105
\belowrulesep=\dimen106
\belowbottomsep=\dimen107
\aboverulesep=\dimen108
\abovetopsep=\dimen109
\cmidrulesep=\dimen110
\cmidrulekern=\dimen111
\defaultaddspace=\dimen112
\@cmidla=\count87
\@cmidlb=\count88
\@aboverulesep=\dimen113
\@belowrulesep=\dimen114
\@thisruleclass=\count89
\@lastruleclass=\count90
\@thisrulewidth=\dimen115
)
(/usr/local/texlive/2015/texmf-dist/tex/latex/amsmath/amsmath.sty
Package: amsmath 2016/03/10 v2.15b AMS math features
\@mathmargin=\skip43

For additional information on amsmath, use the `?' option.
(/usr/local/texlive/2015/texmf-dist/tex/latex/amsmath/amstext.sty
Package: amstext 2000/06/29 v2.01 AMS text

(/usr/local/texlive/2015/texmf-dist/tex/latex/amsmath/amsgen.sty
File: amsgen.sty 1999/11/30 v2.0 generic functions
\@emptytoks=\toks14
\ex@=\dimen116
))
(/usr/local/texlive/2015/texmf-dist/tex/latex/amsmath/amsbsy.sty
Package: amsbsy 1999/11/29 v1.2d Bold Symbols
\pmbraise@=\dimen117
)
(/usr/local/texlive/2015/texmf-dist/tex/latex/amsmath/amsopn.sty
Package: amsopn 2016/03/08 v2.02 operator names
)
\inf@bad=\count91
LaTeX Info: Redefining \frac on input line 199.
\uproot@=\count92
\leftroot@=\count93
LaTeX Info: Redefining \overline on input line 297.
\classnum@=\count94
\DOTSCASE@=\count95
LaTeX Info: Redefining \ldots on input line 394.
LaTeX Info: Redefining \dots on input line 397.
LaTeX Info: Redefining \cdots on input line 518.
\Mathstrutbox@=\box26
\strutbox@=\box27
\big@size=\dimen118
LaTeX Font Info:    Redeclaring font encoding OML on input line 634.
LaTeX Font Info:    Redeclaring font encoding OMS on input line 635.
\macc@depth=\count96
\c@MaxMatrixCols=\count97
\dotsspace@=\muskip10
\c@parentequation=\count98
\dspbrk@lvl=\count99
\tag@help=\toks15
\row@=\count100
\column@=\count101
\maxfields@=\count102
\andhelp@=\toks16
\eqnshift@=\dimen119
\alignsep@=\dimen120
\tagshift@=\dimen121
\tagwidth@=\dimen122
\totwidth@=\dimen123
\lineht@=\dimen124
\@envbody=\toks17
\multlinegap=\skip44
\multlinetaggap=\skip45
\mathdisplay@stack=\toks18
LaTeX Info: Redefining \[ on input line 2739.
LaTeX Info: Redefining \] on input line 2740.
)
(/usr/local/texlive/2015/texmf-dist/tex/latex/listings/listings.sty
(/usr/local/texlive/2015/texmf-dist/tex/latex/graphics/keyval.sty
Package: keyval 2014/10/28 v1.15 key=value parser (DPC)
\KV@toks@=\toks19
)
\lst@mode=\count103
\lst@gtempboxa=\box28
\lst@token=\toks20
\lst@length=\count104
\lst@currlwidth=\dimen125
\lst@column=\count105
\lst@pos=\count106
\lst@lostspace=\dimen126
\lst@width=\dimen127
\lst@newlines=\count107
\lst@lineno=\count108
\lst@maxwidth=\dimen128

(/usr/local/texlive/2015/texmf-dist/tex/latex/listings/lstmisc.sty
File: lstmisc.sty 2015/06/04 1.6 (Carsten Heinz)
\c@lstnumber=\count109
\lst@skipnumbers=\count110
\lst@framebox=\box29
)
(/usr/local/texlive/2015/texmf-dist/tex/latex/listings/listings.cfg
File: listings.cfg 2015/06/04 1.6 listings configuration
))
Package: listings 2015/06/04 1.6 (Carsten Heinz)

(/usr/local/texlive/2015/texmf-dist/tex/latex/pgf/frontendlayer/tikz.sty
(/usr/local/texlive/2015/texmf-dist/tex/latex/pgf/basiclayer/pgf.sty
(/usr/local/texlive/2015/texmf-dist/tex/latex/pgf/utilities/pgfrcs.sty
(/usr/local/texlive/2015/texmf-dist/tex/generic/pgf/utilities/pgfutil-common.te
x
\pgfutil@everybye=\toks21
\pgfutil@tempdima=\dimen129
\pgfutil@tempdimb=\dimen130

(/usr/local/texlive/2015/texmf-dist/tex/generic/pgf/utilities/pgfutil-common-li
sts.tex))
(/usr/local/texlive/2015/texmf-dist/tex/generic/pgf/utilities/pgfutil-latex.def
\pgfutil@abb=\box30
(/usr/local/texlive/2015/texmf-dist/tex/latex/ms/everyshi.sty
Package: everyshi 2001/05/15 v3.00 EveryShipout Package (MS)
))
(/usr/local/texlive/2015/texmf-dist/tex/generic/pgf/utilities/pgfrcs.code.tex
Package: pgfrcs 2015/08/07 v3.0.1a (rcs-revision 1.31)
))
Package: pgf 2015/08/07 v3.0.1a (rcs-revision 1.15)
(/usr/local/texlive/2015/texmf-dist/tex/latex/pgf/basiclayer/pgfcore.sty
(/usr/local/texlive/2015/texmf-dist/tex/latex/graphics/graphicx.sty
Package: graphicx 2014/10/28 v1.0g Enhanced LaTeX Graphics (DPC,SPQR)

(/usr/local/texlive/2015/texmf-dist/tex/latex/graphics/graphics.sty
Package: graphics 2016/01/03 v1.0q Standard LaTeX Graphics (DPC,SPQR)

(/usr/local/texlive/2015/texmf-dist/tex/latex/graphics/trig.sty
Package: trig 2016/01/03 v1.10 sin cos tan (DPC)
)
(/usr/local/texlive/2015/texmf-dist/tex/latex/latexconfig/graphics.cfg
File: graphics.cfg 2010/04/23 v1.9 graphics configuration of TeX Live
)
Package graphics Info: Driver file: pdftex.def on input line 95.

(/usr/local/texlive/2015/texmf-dist/tex/latex/pdftex-def/pdftex.def
File: pdftex.def 2011/05/27 v0.06d Graphics/color for pdfTeX

(/usr/local/texlive/2015/texmf-dist/tex/generic/oberdiek/infwarerr.sty
Package: infwarerr 2010/04/08 v1.3 Providing info/warning/error messages (HO)
)
(/usr/local/texlive/2015/texmf-dist/tex/generic/oberdiek/ltxcmds.sty
Package: ltxcmds 2011/11/09 v1.22 LaTeX kernel commands for general use (HO)
)
\Gread@gobject=\count111
))
\Gin@req@height=\dimen131
\Gin@req@width=\dimen132
)
(/usr/local/texlive/2015/texmf-dist/tex/latex/pgf/systemlayer/pgfsys.sty
(/usr/local/texlive/2015/texmf-dist/tex/generic/pgf/systemlayer/pgfsys.code.tex
Package: pgfsys 2014/07/09 v3.0.1a (rcs-revision 1.48)
(/usr/local/texlive/2015/texmf-dist/tex/generic/pgf/utilities/pgfkeys.code.tex
\pgfkeys@pathtoks=\toks22
\pgfkeys@temptoks=\toks23

(/usr/local/texlive/2015/texmf-dist/tex/generic/pgf/utilities/pgfkeysfiltered.c
ode.tex
\pgfkeys@tmptoks=\toks24
))
\pgf@x=\dimen133
\pgf@y=\dimen134
\pgf@xa=\dimen135
\pgf@ya=\dimen136
\pgf@xb=\dimen137
\pgf@yb=\dimen138
\pgf@xc=\dimen139
\pgf@yc=\dimen140
\w@pgf@writea=\write3
\r@pgf@reada=\read1
\c@pgf@counta=\count112
\c@pgf@countb=\count113
\c@pgf@countc=\count114
\c@pgf@countd=\count115
\t@pgf@toka=\toks25
\t@pgf@tokb=\toks26
\t@pgf@tokc=\toks27

(/usr/local/texlive/2015/texmf-dist/tex/generic/pgf/systemlayer/pgf.cfg
File: pgf.cfg 2008/05/14  (rcs-revision 1.7)
)
Driver file for pgf: pgfsys-pdftex.def

(/usr/local/texlive/2015/texmf-dist/tex/generic/pgf/systemlayer/pgfsys-pdftex.d
ef
File: pgfsys-pdftex.def 2014/10/11  (rcs-revision 1.35)

(/usr/local/texlive/2015/texmf-dist/tex/generic/pgf/systemlayer/pgfsys-common-p
df.def
File: pgfsys-common-pdf.def 2013/10/10  (rcs-revision 1.13)
)))
(/usr/local/texlive/2015/texmf-dist/tex/generic/pgf/systemlayer/pgfsyssoftpath.
code.tex
File: pgfsyssoftpath.code.tex 2013/09/09  (rcs-revision 1.9)
\pgfsyssoftpath@smallbuffer@items=\count116
\pgfsyssoftpath@bigbuffer@items=\count117
)
(/usr/local/texlive/2015/texmf-dist/tex/generic/pgf/systemlayer/pgfsysprotocol.
code.tex
File: pgfsysprotocol.code.tex 2006/10/16  (rcs-revision 1.4)
)) (/usr/local/texlive/2015/texmf-dist/tex/latex/xcolor/xcolor.sty
Package: xcolor 2007/01/21 v2.11 LaTeX color extensions (UK)

(/usr/local/texlive/2015/texmf-dist/tex/latex/latexconfig/color.cfg
File: color.cfg 2007/01/18 v1.5 color configuration of teTeX/TeXLive
)
Package xcolor Info: Driver file: pdftex.def on input line 225.
Package xcolor Info: Model `cmy' substituted by `cmy0' on input line 1337.
Package xcolor Info: Model `hsb' substituted by `rgb' on input line 1341.
Package xcolor Info: Model `RGB' extended on input line 1353.
Package xcolor Info: Model `HTML' substituted by `rgb' on input line 1355.
Package xcolor Info: Model `Hsb' substituted by `hsb' on input line 1356.
Package xcolor Info: Model `tHsb' substituted by `hsb' on input line 1357.
Package xcolor Info: Model `HSB' substituted by `hsb' on input line 1358.
Package xcolor Info: Model `Gray' substituted by `gray' on input line 1359.
Package xcolor Info: Model `wave' substituted by `hsb' on input line 1360.
)
(/usr/local/texlive/2015/texmf-dist/tex/generic/pgf/basiclayer/pgfcore.code.tex
Package: pgfcore 2010/04/11 v3.0.1a (rcs-revision 1.7)
(/usr/local/texlive/2015/texmf-dist/tex/generic/pgf/math/pgfmath.code.tex
(/usr/local/texlive/2015/texmf-dist/tex/generic/pgf/math/pgfmathcalc.code.tex
(/usr/local/texlive/2015/texmf-dist/tex/generic/pgf/math/pgfmathutil.code.tex)
(/usr/local/texlive/2015/texmf-dist/tex/generic/pgf/math/pgfmathparser.code.tex
\pgfmath@dimen=\dimen141
\pgfmath@count=\count118
\pgfmath@box=\box31
\pgfmath@toks=\toks28
\pgfmath@stack@operand=\toks29
\pgfmath@stack@operation=\toks30
)
(/usr/local/texlive/2015/texmf-dist/tex/generic/pgf/math/pgfmathfunctions.code.
tex
(/usr/local/texlive/2015/texmf-dist/tex/generic/pgf/math/pgfmathfunctions.basic
.code.tex)
(/usr/local/texlive/2015/texmf-dist/tex/generic/pgf/math/pgfmathfunctions.trigo
nometric.code.tex)
(/usr/local/texlive/2015/texmf-dist/tex/generic/pgf/math/pgfmathfunctions.rando
m.code.tex)
(/usr/local/texlive/2015/texmf-dist/tex/generic/pgf/math/pgfmathfunctions.compa
rison.code.tex)
(/usr/local/texlive/2015/texmf-dist/tex/generic/pgf/math/pgfmathfunctions.base.
code.tex)
(/usr/local/texlive/2015/texmf-dist/tex/generic/pgf/math/pgfmathfunctions.round
.code.tex)
(/usr/local/texlive/2015/texmf-dist/tex/generic/pgf/math/pgfmathfunctions.misc.
code.tex)
(/usr/local/texlive/2015/texmf-dist/tex/generic/pgf/math/pgfmathfunctions.integ
erarithmetics.code.tex)))
(/usr/local/texlive/2015/texmf-dist/tex/generic/pgf/math/pgfmathfloat.code.tex
\c@pgfmathroundto@lastzeros=\count119
))
(/usr/local/texlive/2015/texmf-dist/tex/generic/pgf/basiclayer/pgfcorepoints.co
de.tex
File: pgfcorepoints.code.tex 2013/10/07  (rcs-revision 1.27)
\pgf@picminx=\dimen142
\pgf@picmaxx=\dimen143
\pgf@picminy=\dimen144
\pgf@picmaxy=\dimen145
\pgf@pathminx=\dimen146
\pgf@pathmaxx=\dimen147
\pgf@pathminy=\dimen148
\pgf@pathmaxy=\dimen149
\pgf@xx=\dimen150
\pgf@xy=\dimen151
\pgf@yx=\dimen152
\pgf@yy=\dimen153
\pgf@zx=\dimen154
\pgf@zy=\dimen155
)
(/usr/local/texlive/2015/texmf-dist/tex/generic/pgf/basiclayer/pgfcorepathconst
ruct.code.tex
File: pgfcorepathconstruct.code.tex 2013/10/07  (rcs-revision 1.29)
\pgf@path@lastx=\dimen156
\pgf@path@lasty=\dimen157
)
(/usr/local/texlive/2015/texmf-dist/tex/generic/pgf/basiclayer/pgfcorepathusage
.code.tex
File: pgfcorepathusage.code.tex 2014/11/02  (rcs-revision 1.24)
\pgf@shorten@end@additional=\dimen158
\pgf@shorten@start@additional=\dimen159
)
(/usr/local/texlive/2015/texmf-dist/tex/generic/pgf/basiclayer/pgfcorescopes.co
de.tex
File: pgfcorescopes.code.tex 2015/05/08  (rcs-revision 1.46)
\pgfpic=\box32
\pgf@hbox=\box33
\pgf@layerbox@main=\box34
\pgf@picture@serial@count=\count120
)
(/usr/local/texlive/2015/texmf-dist/tex/generic/pgf/basiclayer/pgfcoregraphicst
ate.code.tex
File: pgfcoregraphicstate.code.tex 2014/11/02  (rcs-revision 1.12)
\pgflinewidth=\dimen160
)
(/usr/local/texlive/2015/texmf-dist/tex/generic/pgf/basiclayer/pgfcoretransform
ations.code.tex
File: pgfcoretransformations.code.tex 2015/08/07  (rcs-revision 1.20)
\pgf@pt@x=\dimen161
\pgf@pt@y=\dimen162
\pgf@pt@temp=\dimen163
)
(/usr/local/texlive/2015/texmf-dist/tex/generic/pgf/basiclayer/pgfcorequick.cod
e.tex
File: pgfcorequick.code.tex 2008/10/09  (rcs-revision 1.3)
)
(/usr/local/texlive/2015/texmf-dist/tex/generic/pgf/basiclayer/pgfcoreobjects.c
ode.tex
File: pgfcoreobjects.code.tex 2006/10/11  (rcs-revision 1.2)
)
(/usr/local/texlive/2015/texmf-dist/tex/generic/pgf/basiclayer/pgfcorepathproce
ssing.code.tex
File: pgfcorepathprocessing.code.tex 2013/09/09  (rcs-revision 1.9)
)
(/usr/local/texlive/2015/texmf-dist/tex/generic/pgf/basiclayer/pgfcorearrows.co
de.tex
File: pgfcorearrows.code.tex 2015/05/14  (rcs-revision 1.43)
\pgfarrowsep=\dimen164
)
(/usr/local/texlive/2015/texmf-dist/tex/generic/pgf/basiclayer/pgfcoreshade.cod
e.tex
File: pgfcoreshade.code.tex 2013/07/15  (rcs-revision 1.15)
\pgf@max=\dimen165
\pgf@sys@shading@range@num=\count121
)
(/usr/local/texlive/2015/texmf-dist/tex/generic/pgf/basiclayer/pgfcoreimage.cod
e.tex
File: pgfcoreimage.code.tex 2013/07/15  (rcs-revision 1.18)

(/usr/local/texlive/2015/texmf-dist/tex/generic/pgf/basiclayer/pgfcoreexternal.
code.tex
File: pgfcoreexternal.code.tex 2014/07/09  (rcs-revision 1.21)
\pgfexternal@startupbox=\box35
))
(/usr/local/texlive/2015/texmf-dist/tex/generic/pgf/basiclayer/pgfcorelayers.co
de.tex
File: pgfcorelayers.code.tex 2013/07/18  (rcs-revision 1.7)
)
(/usr/local/texlive/2015/texmf-dist/tex/generic/pgf/basiclayer/pgfcoretranspare
ncy.code.tex
File: pgfcoretransparency.code.tex 2013/09/30  (rcs-revision 1.5)
)
(/usr/local/texlive/2015/texmf-dist/tex/generic/pgf/basiclayer/pgfcorepatterns.
code.tex
File: pgfcorepatterns.code.tex 2013/11/07  (rcs-revision 1.5)
)))
(/usr/local/texlive/2015/texmf-dist/tex/generic/pgf/modules/pgfmoduleshapes.cod
e.tex
File: pgfmoduleshapes.code.tex 2014/03/21  (rcs-revision 1.35)
\pgfnodeparttextbox=\box36
)
(/usr/local/texlive/2015/texmf-dist/tex/generic/pgf/modules/pgfmoduleplot.code.
tex
File: pgfmoduleplot.code.tex 2015/08/03  (rcs-revision 1.13)
)
(/usr/local/texlive/2015/texmf-dist/tex/latex/pgf/compatibility/pgfcomp-version
-0-65.sty
Package: pgfcomp-version-0-65 2007/07/03 v3.0.1a (rcs-revision 1.7)
\pgf@nodesepstart=\dimen166
\pgf@nodesepend=\dimen167
)
(/usr/local/texlive/2015/texmf-dist/tex/latex/pgf/compatibility/pgfcomp-version
-1-18.sty
Package: pgfcomp-version-1-18 2007/07/23 v3.0.1a (rcs-revision 1.1)
))
(/usr/local/texlive/2015/texmf-dist/tex/latex/pgf/utilities/pgffor.sty
(/usr/local/texlive/2015/texmf-dist/tex/latex/pgf/utilities/pgfkeys.sty
(/usr/local/texlive/2015/texmf-dist/tex/generic/pgf/utilities/pgfkeys.code.tex)
) (/usr/local/texlive/2015/texmf-dist/tex/latex/pgf/math/pgfmath.sty
(/usr/local/texlive/2015/texmf-dist/tex/generic/pgf/math/pgfmath.code.tex))
(/usr/local/texlive/2015/texmf-dist/tex/generic/pgf/utilities/pgffor.code.tex
Package: pgffor 2013/12/13 v3.0.1a (rcs-revision 1.25)

(/usr/local/texlive/2015/texmf-dist/tex/generic/pgf/math/pgfmath.code.tex)
\pgffor@iter=\dimen168
\pgffor@skip=\dimen169
\pgffor@stack=\toks31
\pgffor@toks=\toks32
))
(/usr/local/texlive/2015/texmf-dist/tex/generic/pgf/frontendlayer/tikz/tikz.cod
e.tex
Package: tikz 2015/08/07 v3.0.1a (rcs-revision 1.151)

(/usr/local/texlive/2015/texmf-dist/tex/generic/pgf/libraries/pgflibraryplothan
dlers.code.tex
File: pgflibraryplothandlers.code.tex 2013/08/31 v3.0.1a (rcs-revision 1.20)
\pgf@plot@mark@count=\count122
\pgfplotmarksize=\dimen170
)
\tikz@lastx=\dimen171
\tikz@lasty=\dimen172
\tikz@lastxsaved=\dimen173
\tikz@lastysaved=\dimen174
\tikzleveldistance=\dimen175
\tikzsiblingdistance=\dimen176
\tikz@figbox=\box37
\tikz@figbox@bg=\box38
\tikz@tempbox=\box39
\tikz@tempbox@bg=\box40
\tikztreelevel=\count123
\tikznumberofchildren=\count124
\tikznumberofcurrentchild=\count125
\tikz@fig@count=\count126

(/usr/local/texlive/2015/texmf-dist/tex/generic/pgf/modules/pgfmodulematrix.cod
e.tex
File: pgfmodulematrix.code.tex 2013/09/17  (rcs-revision 1.8)
\pgfmatrixcurrentrow=\count127
\pgfmatrixcurrentcolumn=\count128
\pgf@matrix@numberofcolumns=\count129
)
\tikz@expandcount=\count130

(/usr/local/texlive/2015/texmf-dist/tex/generic/pgf/frontendlayer/tikz/librarie
s/tikzlibrarytopaths.code.tex
File: tikzlibrarytopaths.code.tex 2008/06/17 v3.0.1a (rcs-revision 1.2)
)))
(/usr/local/texlive/2015/texmf-dist/tex/generic/pgf/frontendlayer/tikz/librarie
s/tikzlibraryautomata.code.tex
File: tikzlibraryautomata.code.tex 2008/07/14 v3.0.1a (rcs-revision 1.3)

(/usr/local/texlive/2015/texmf-dist/tex/generic/pgf/frontendlayer/tikz/librarie
s/tikzlibraryshapes.multipart.code.tex
File: tikzlibraryshapes.multipart.code.tex 2008/01/09 v3.0.1a (rcs-revision 1.1
)

(/usr/local/texlive/2015/texmf-dist/tex/generic/pgf/libraries/shapes/pgflibrary
shapes.multipart.code.tex
File: pgflibraryshapes.multipart.code.tex 2010/01/07 v3.0.1a (rcs-revision 1.2)

\pgfnodepartlowerbox=\box41
\pgfnodeparttwobox=\box42
\pgfnodepartthreebox=\box43
\pgfnodepartfourbox=\box44
\pgfnodeparttwentybox=\box45
\pgfnodepartnineteenbox=\box46
\pgfnodeparteighteenbox=\box47
\pgfnodepartseventeenbox=\box48
\pgfnodepartsixteenbox=\box49
\pgfnodepartfifteenbox=\box50
\pgfnodepartfourteenbox=\box51
\pgfnodepartthirteenbox=\box52
\pgfnodeparttwelvebox=\box53
\pgfnodepartelevenbox=\box54
\pgfnodeparttenbox=\box55
\pgfnodepartninebox=\box56
\pgfnodeparteightbox=\box57
\pgfnodepartsevenbox=\box58
\pgfnodepartsixbox=\box59
\pgfnodepartfivebox=\box60
)))
(/usr/local/texlive/2015/texmf-dist/tex/generic/pgf/frontendlayer/tikz/librarie
s/tikzlibrarypositioning.code.tex
File: tikzlibrarypositioning.code.tex 2008/10/06 v3.0.1a (rcs-revision 1.7)
) (./report.aux)
\openout1 = `report.aux'.

LaTeX Font Info:    Checking defaults for OML/cmm/m/it on input line 14.
LaTeX Font Info:    ... okay on input line 14.
LaTeX Font Info:    Checking defaults for T1/cmr/m/n on input line 14.
LaTeX Font Info:    ... okay on input line 14.
LaTeX Font Info:    Checking defaults for OT1/cmr/m/n on input line 14.
LaTeX Font Info:    ... okay on input line 14.
LaTeX Font Info:    Checking defaults for OMS/cmsy/m/n on input line 14.
LaTeX Font Info:    ... okay on input line 14.
LaTeX Font Info:    Checking defaults for OMX/cmex/m/n on input line 14.
LaTeX Font Info:    ... okay on input line 14.
LaTeX Font Info:    Checking defaults for U/cmr/m/n on input line 14.
LaTeX Font Info:    ... okay on input line 14.
\c@lstlisting=\count131

ABD: EveryShipout initializing macros
(/usr/local/texlive/2015/texmf-dist/tex/context/base/supp-pdf.mkii
[Loading MPS to PDF converter (version 2006.09.02).]
\scratchcounter=\count132
\scratchdimen=\dimen177
\scratchbox=\box61
\nofMPsegments=\count133
\nofMParguments=\count134
\everyMPshowfont=\toks33
\MPscratchCnt=\count135
\MPscratchDim=\dimen178
\MPnumerator=\count136
\makeMPintoPDFobject=\count137
\everyMPtoPDFconversion=\toks34
) (/usr/local/texlive/2015/texmf-dist/tex/generic/oberdiek/pdftexcmds.sty
Package: pdftexcmds 2011/11/29 v0.20 Utility functions of pdfTeX for LuaTeX (HO
)

(/usr/local/texlive/2015/texmf-dist/tex/generic/oberdiek/ifluatex.sty
Package: ifluatex 2010/03/01 v1.3 Provides the ifluatex switch (HO)
Package ifluatex Info: LuaTeX not detected.
)
(/usr/local/texlive/2015/texmf-dist/tex/generic/oberdiek/ifpdf.sty
Package: ifpdf 2011/01/30 v2.3 Provides the ifpdf switch (HO)
Package ifpdf Info: pdfTeX in PDF mode is detected.
)
Package pdftexcmds Info: LuaTeX not detected.
Package pdftexcmds Info: \pdf@primitive is available.
Package pdftexcmds Info: \pdf@ifprimitive is available.
Package pdftexcmds Info: \pdfdraftmode found.
)
(/usr/local/texlive/2015/texmf-dist/tex/latex/oberdiek/epstopdf-base.sty
Package: epstopdf-base 2010/02/09 v2.5 Base part for package epstopdf

(/usr/local/texlive/2015/texmf-dist/tex/latex/oberdiek/grfext.sty
Package: grfext 2010/08/19 v1.1 Manage graphics extensions (HO)

(/usr/local/texlive/2015/texmf-dist/tex/generic/oberdiek/kvdefinekeys.sty
Package: kvdefinekeys 2011/04/07 v1.3 Define keys (HO)
))
(/usr/local/texlive/2015/texmf-dist/tex/latex/oberdiek/kvoptions.sty
Package: kvoptions 2011/06/30 v3.11 Key value format for package options (HO)

(/usr/local/texlive/2015/texmf-dist/tex/generic/oberdiek/kvsetkeys.sty
Package: kvsetkeys 2012/04/25 v1.16 Key value parser (HO)

(/usr/local/texlive/2015/texmf-dist/tex/generic/oberdiek/etexcmds.sty
Package: etexcmds 2011/02/16 v1.5 Avoid name clashes with e-TeX commands (HO)
Package etexcmds Info: Could not find \expanded.
(etexcmds)             That can mean that you are not using pdfTeX 1.50 or
(etexcmds)             that some package has redefined \expanded.
(etexcmds)             In the latter case, load this package earlier.
)))
Package grfext Info: Graphics extension search list:
(grfext)             [.png,.pdf,.jpg,.mps,.jpeg,.jbig2,.jb2,.PNG,.PDF,.JPG,.JPE
G,.JBIG2,.JB2,.eps]
(grfext)             \AppendGraphicsExtensions on input line 452.

(/usr/local/texlive/2015/texmf-dist/tex/latex/latexconfig/epstopdf-sys.cfg
File: epstopdf-sys.cfg 2010/07/13 v1.3 Configuration of (r)epstopdf for TeX Liv
e
))
(/usr/local/texlive/2015/texmf-dist/tex/latex/listings/lstlang1.sty
File: lstlang1.sty 2015/06/04 1.6 listings language file
) (./am.py
Overfull \hbox (99.00452pt too wide) in paragraph at lines 5--6
[][][][][][][][][][][][][][][][][][][][][][][][] 
 []


Overfull \hbox (93.00446pt too wide) in paragraph at lines 6--7
[][][][][][][][][][][][][][][][][][][][][][][][][][][][][][][][][] 
 []


Overfull \hbox (21.00372pt too wide) in paragraph at lines 7--8
[][][][][][][][][][][][][][][][][][][][][][][][][][][][] 
 []

LaTeX Font Info:    Try loading font information for OMS+cmr on input line 10.
(/usr/local/texlive/2015/texmf-dist/tex/latex/base/omscmr.fd
File: omscmr.fd 2014/09/29 v2.5h Standard LaTeX font definitions
)
LaTeX Font Info:    Font shape `OMS/cmr/m/it' in size <10> not available
(Font)              Font shape `OMS/cmsy/m/n' tried instead on input line 10.

Overfull \hbox (249.00604pt too wide) in paragraph at lines 18--19
[][][][][][][][][][][][][][][][][][][][][][][][][][][][][][][][][][][][][][][][
][][][][][][][][][][] 
 []


Overfull \hbox (81.00433pt too wide) in paragraph at lines 19--20
[][][][][][][][][][][][][][][][][][][][][][][][][][][][][][][][][][][][][][][][
][][] 
 []

[1

{/usr/local/texlive/2015/texmf-var/fonts/map/pdftex/updmap/pdftex.map}]
LaTeX Font Info:    Font shape `OMS/cmr/m/n' in size <10> not available
(Font)              Font shape `OMS/cmsy/m/n' tried instead on input line 31.

Overfull \hbox (39.0039pt too wide) in paragraph at lines 38--39
[][][][][][][][][][][][][][][][][][][][][][][][][][][] 
 []

LaTeX Font Info:    Try loading font information for OML+cmr on input line 44.
(/usr/local/texlive/2015/texmf-dist/tex/latex/base/omlcmr.fd
File: omlcmr.fd 2014/09/29 v2.5h Standard LaTeX font definitions
)
LaTeX Font Info:    Font shape `OML/cmr/m/n' in size <10> not available
(Font)              Font shape `OML/cmm/m/it' tried instead on input line 44.
 [2]
Overfull \hbox (27.00378pt too wide) in paragraph at lines 77--79
[][][][][][][][][][][][][][][][][][][][][][][][][][][][][][][] 
 []


Overfull \hbox (51.00403pt too wide) in paragraph at lines 84--85
[][][][][][][][][][][][][][][][][][][][][][][][][] 
 []


Overfull \hbox (51.00403pt too wide) in paragraph at lines 91--92
[][][][][][][][][][][][][][][][][][][][][][][][][] 
 []

[3]
Overfull \hbox (261.00616pt too wide) in paragraph at lines 120--121
[][][][][][][][][][][][][][][][][][][][][][][][] 
 []


Overfull \hbox (27.00378pt too wide) in paragraph at lines 121--122
[][][][][][][][][][][][][][][][][][][][][] 
 []


Overfull \hbox (33.00385pt too wide) in paragraph at lines 124--125
[][][][][][][][][][][][][][] 
 []


Overfull \hbox (33.00385pt too wide) in paragraph at lines 126--127
[][][][][][][][][][][][][][] 
 []


Overfull \hbox (21.00372pt too wide) in paragraph at lines 149--150
[][][][][][][][][][][][][][][] 
 []


Overfull \hbox (45.00397pt too wide) in paragraph at lines 153--154
[][][][][][][][][][][][][][][][][][][] 
 []


Overfull \hbox (117.0047pt too wide) in paragraph at lines 158--159
[][][][][][][][][][][][][][][][][][][][] 
 []


Overfull \hbox (117.0047pt too wide) in paragraph at lines 159--160
[][][][][][][][][][][][][][][][][][][][] 
 []


Overfull \hbox (207.00562pt too wide) in paragraph at lines 160--161
[][][][][][][][][][][][][][][][][][][][][][][] 
 []


Overfull \hbox (207.00562pt too wide) in paragraph at lines 161--162
[][][][][][][][][][][][][][][][][][][][][][][] 
 []

[4]
Overfull \hbox (75.00427pt too wide) in paragraph at lines 168--169
[][][][][][][][][][][][][][][][] 
 []


Overfull \hbox (75.00427pt too wide) in paragraph at lines 170--171
[][][][][][][][][][][][][][][][] 
 []


Overfull \hbox (87.0044pt too wide) in paragraph at lines 172--173
[][][][][][][][][][][][][][][] 
 []


Overfull \hbox (87.0044pt too wide) in paragraph at lines 173--174
[][][][][][][][][][][][][][][] 
 []


Overfull \hbox (447.00806pt too wide) in paragraph at lines 174--176
[][][][][][][][][][][][][][][][][][][][][][][][][][][][][][][][][][][][][][][][
][][][][][] 
 []


Overfull \hbox (219.00574pt too wide) in paragraph at lines 183--184
[][][][][][][][][][][][][][][][][][][][][][][][][][][][][][][][][][][][][] 
 []


Overfull \hbox (21.00372pt too wide) in paragraph at lines 199--200
[][][][][][][][][][][][][][][] 
 []


Overfull \hbox (57.00409pt too wide) in paragraph at lines 201--202
[][][][][][][][][][][][][][][] 
 []


Overfull \hbox (123.00476pt too wide) in paragraph at lines 202--203
[][][][][][][][][][][][][][][][][][][][][][][] 
 []

[5]) (/usr/local/texlive/2015/texmf-dist/tex/latex/listings/lstlang1.sty
File: lstlang1.sty 2015/06/04 1.6 listings language file
)
(/usr/local/texlive/2015/texmf-dist/tex/latex/listings/lstlang1.sty
File: lstlang1.sty 2015/06/04 1.6 listings language file
)
Underfull \hbox (badness 10000) in paragraph at lines 49--51

 []

[6] [7]
Overfull \hbox (1.49698pt too wide) in paragraph at lines 214--214
[]    \OT1/cmtt/m/n/10 When err is 10 , missing ERR rate: 0.0 , mistake ERR rat
e: 0.0[] 
 []


Overfull \hbox (1.49698pt too wide) in paragraph at lines 214--214
[]    \OT1/cmtt/m/n/10 When err is 11 , missing ERR rate: 0.0 , mistake ERR rat
e: 0.0[] 
 []


Overfull \hbox (1.49698pt too wide) in paragraph at lines 214--214
[]    \OT1/cmtt/m/n/10 When err is 12 , missing ERR rate: 0.0 , mistake ERR rat
e: 0.0[] 
 []


Overfull \hbox (1.49698pt too wide) in paragraph at lines 214--214
[]    \OT1/cmtt/m/n/10 When err is 13 , missing ERR rate: 0.0 , mistake ERR rat
e: 0.0[] 
 []


Overfull \hbox (1.49698pt too wide) in paragraph at lines 214--214
[]    \OT1/cmtt/m/n/10 When err is 14 , missing ERR rate: 0.0 , mistake ERR rat
e: 0.0[] 
 []


Overfull \hbox (1.49698pt too wide) in paragraph at lines 214--214
[]    \OT1/cmtt/m/n/10 When err is 15 , missing ERR rate: 0.0 , mistake ERR rat
e: 0.0[] 
 []


Overfull \hbox (1.49698pt too wide) in paragraph at lines 214--214
[]    \OT1/cmtt/m/n/10 When err is 16 , missing ERR rate: 0.0 , mistake ERR rat
e: 0.0[] 
 []


Overfull \hbox (1.49698pt too wide) in paragraph at lines 214--214
[]    \OT1/cmtt/m/n/10 When err is 17 , missing ERR rate: 0.0 , mistake ERR rat
e: 1.0[] 
 []


Overfull \hbox (1.49698pt too wide) in paragraph at lines 214--214
[]    \OT1/cmtt/m/n/10 When err is 18 , missing ERR rate: 0.0 , mistake ERR rat
e: 1.0[] 
 []


Overfull \hbox (1.49698pt too wide) in paragraph at lines 214--214
[]    \OT1/cmtt/m/n/10 When err is 19 , missing ERR rate: 0.0 , mistake ERR rat
e: 1.0[] 
 []


Overfull \hbox (1.49698pt too wide) in paragraph at lines 214--214
[]    \OT1/cmtt/m/n/10 When err is 20 , missing ERR rate: 0.0 , mistake ERR rat
e: 1.0[] 
 []


Overfull \hbox (1.49698pt too wide) in paragraph at lines 214--214
[]    \OT1/cmtt/m/n/10 When err is 21 , missing ERR rate: 0.0 , mistake ERR rat
e: 1.0[] 
 []


Overfull \hbox (1.49698pt too wide) in paragraph at lines 214--214
[]    \OT1/cmtt/m/n/10 When err is 22 , missing ERR rate: 0.0 , mistake ERR rat
e: 1.0[] 
 []


Overfull \hbox (1.49698pt too wide) in paragraph at lines 214--214
[]    \OT1/cmtt/m/n/10 When err is 23 , missing ERR rate: 0.0 , mistake ERR rat
e: 1.0[] 
 []


Overfull \hbox (1.49698pt too wide) in paragraph at lines 214--214
[]    \OT1/cmtt/m/n/10 When err is 24 , missing ERR rate: 0.0 , mistake ERR rat
e: 1.0[] 
 []


Overfull \hbox (1.49698pt too wide) in paragraph at lines 214--214
[]    \OT1/cmtt/m/n/10 When err is 25 , missing ERR rate: 0.0 , mistake ERR rat
e: 1.0[] 
 []


Overfull \hbox (1.49698pt too wide) in paragraph at lines 214--214
[]    \OT1/cmtt/m/n/10 When err is 26 , missing ERR rate: 0.0 , mistake ERR rat
e: 1.0[] 
 []


Overfull \hbox (1.49698pt too wide) in paragraph at lines 214--214
[]    \OT1/cmtt/m/n/10 When err is 27 , missing ERR rate: 0.0 , mistake ERR rat
e: 1.0[] 
 []


Overfull \hbox (1.49698pt too wide) in paragraph at lines 214--214
[]    \OT1/cmtt/m/n/10 When err is 28 , missing ERR rate: 0.0 , mistake ERR rat
e: 1.0[] 
 []


Overfull \hbox (1.49698pt too wide) in paragraph at lines 214--214
[]    \OT1/cmtt/m/n/10 When err is 29 , missing ERR rate: 0.0 , mistake ERR rat
e: 1.0[] 
 []


Overfull \hbox (1.49698pt too wide) in paragraph at lines 214--214
[]    \OT1/cmtt/m/n/10 When err is 30 , missing ERR rate: 0.0 , mistake ERR rat
e: 1.0[] 
 []


Overfull \hbox (1.49698pt too wide) in paragraph at lines 214--214
[]    \OT1/cmtt/m/n/10 When err is 31 , missing ERR rate: 0.0 , mistake ERR rat
e: 1.0[] 
 []


Overfull \hbox (1.49698pt too wide) in paragraph at lines 214--214
[]    \OT1/cmtt/m/n/10 When err is 32 , missing ERR rate: 0.0 , mistake ERR rat
e: 1.0[] 
 []


Overfull \hbox (1.49698pt too wide) in paragraph at lines 214--214
[]    \OT1/cmtt/m/n/10 When err is 33 , missing ERR rate: 0.0 , mistake ERR rat
e: 1.0[] 
 []


Overfull \hbox (1.49698pt too wide) in paragraph at lines 214--214
[]    \OT1/cmtt/m/n/10 When err is 34 , missing ERR rate: 1.0 , mistake ERR rat
e: 1.0[] 
 []


Overfull \hbox (59.24648pt too wide) in paragraph at lines 214--214
[]    \OT1/cmtt/m/n/10 When err is 1 , missing ERR rate: 0.0 , mistake ERR rate
: 0.0633333333333[] 
 []


Overfull \hbox (6.74693pt too wide) in paragraph at lines 214--214
[]    \OT1/cmtt/m/n/10 When err is 2 , missing ERR rate: 0.02 , mistake ERR rat
e: 0.19[] 
 []


Overfull \hbox (116.99597pt too wide) in paragraph at lines 214--214
[]    \OT1/cmtt/m/n/10 When err is 3 , missing ERR rate: 0.0233333333333 , mist
ake ERR rate: 0.173333333333[] 
 []


Overfull \hbox (1.49698pt too wide) in paragraph at lines 214--214
[]    \OT1/cmtt/m/n/10 When err is 4 , missing ERR rate: 0.07 , mistake ERR rat
e: 0.3[] 
 []


Overfull \hbox (64.49643pt too wide) in paragraph at lines 214--214
[]    \OT1/cmtt/m/n/10 When err is 5 , missing ERR rate: 0.0433333333333 , mist
ake ERR rate: 0.31[] 
 []


Overfull \hbox (59.24648pt too wide) in paragraph at lines 214--214
[]    \OT1/cmtt/m/n/10 When err is 6 , missing ERR rate: 0.14 , mistake ERR rat
e: 0.423333333333[] 
 []


Overfull \hbox (6.74693pt too wide) in paragraph at lines 214--214
[]    \OT1/cmtt/m/n/10 When err is 7 , missing ERR rate: 0.09 , mistake ERR rat
e: 0.47[] 
 []


Overfull \hbox (53.99652pt too wide) in paragraph at lines 214--214
[]    \OT1/cmtt/m/n/10 When err is 8 , missing ERR rate: 0.146666666667 , mista
ke ERR rate: 0.5[] 
 []


Overfull \hbox (59.24648pt too wide) in paragraph at lines 214--214
[]    \OT1/cmtt/m/n/10 When err is 9 , missing ERR rate: 0.14 , mistake ERR rat
e: 0.526666666667[] 
 []


Overfull \hbox (64.49643pt too wide) in paragraph at lines 214--214
[]    \OT1/cmtt/m/n/10 When err is 10 , missing ERR rate: 0.233333333333 , mist
ake ERR rate: 0.62[] 
 []


Overfull \hbox (116.99597pt too wide) in paragraph at lines 214--214
[]    \OT1/cmtt/m/n/10 When err is 11 , missing ERR rate: 0.173333333333 , mist
ake ERR rate: 0.636666666667[] 
 []


Overfull \hbox (11.99689pt too wide) in paragraph at lines 214--214
[]    \OT1/cmtt/m/n/10 When err is 12 , missing ERR rate: 0.28 , mistake ERR ra
te: 0.75[] 
 []

[8]
Overfull \hbox (64.49643pt too wide) in paragraph at lines 214--214
[]    \OT1/cmtt/m/n/10 When err is 13 , missing ERR rate: 0.23 , mistake ERR ra
te: 0.823333333333[] 
 []


Overfull \hbox (11.99689pt too wide) in paragraph at lines 214--214
[]    \OT1/cmtt/m/n/10 When err is 14 , missing ERR rate: 0.34 , mistake ERR ra
te: 0.93[] 
 []


Overfull \hbox (64.49643pt too wide) in paragraph at lines 214--214
[]    \OT1/cmtt/m/n/10 When err is 15 , missing ERR rate: 0.296666666667 , mist
ake ERR rate: 0.98[] 
 []


Overfull \hbox (59.24648pt too wide) in paragraph at lines 214--214
[]    \OT1/cmtt/m/n/10 When err is 16 , missing ERR rate: 0.376666666667 , mist
ake ERR rate: 1.0[] 
 []


Overfull \hbox (6.74693pt too wide) in paragraph at lines 214--214
[]    \OT1/cmtt/m/n/10 When err is 17 , missing ERR rate: 0.34 , mistake ERR ra
te: 1.0[] 
 []


Overfull \hbox (59.24648pt too wide) in paragraph at lines 214--214
[]    \OT1/cmtt/m/n/10 When err is 18 , missing ERR rate: 0.453333333333 , mist
ake ERR rate: 1.0[] 
 []


Overfull \hbox (59.24648pt too wide) in paragraph at lines 214--214
[]    \OT1/cmtt/m/n/10 When err is 19 , missing ERR rate: 0.393333333333 , mist
ake ERR rate: 1.0[] 
 []


Overfull \hbox (6.74693pt too wide) in paragraph at lines 214--214
[]    \OT1/cmtt/m/n/10 When err is 20 , missing ERR rate: 0.48 , mistake ERR ra
te: 1.0[] 
 []


Overfull \hbox (1.49698pt too wide) in paragraph at lines 214--214
[]    \OT1/cmtt/m/n/10 When err is 21 , missing ERR rate: 0.4 , mistake ERR rat
e: 1.0[] 
 []


Overfull \hbox (59.24648pt too wide) in paragraph at lines 214--214
[]    \OT1/cmtt/m/n/10 When err is 22 , missing ERR rate: 0.556666666667 , mist
ake ERR rate: 1.0[] 
 []


Overfull \hbox (59.24648pt too wide) in paragraph at lines 214--214
[]    \OT1/cmtt/m/n/10 When err is 23 , missing ERR rate: 0.493333333333 , mist
ake ERR rate: 1.0[] 
 []


Overfull \hbox (6.74693pt too wide) in paragraph at lines 214--214
[]    \OT1/cmtt/m/n/10 When err is 24 , missing ERR rate: 0.62 , mistake ERR ra
te: 1.0[] 
 []


Overfull \hbox (59.24648pt too wide) in paragraph at lines 214--214
[]    \OT1/cmtt/m/n/10 When err is 25 , missing ERR rate: 0.593333333333 , mist
ake ERR rate: 1.0[] 
 []


Overfull \hbox (6.74693pt too wide) in paragraph at lines 214--214
[]    \OT1/cmtt/m/n/10 When err is 26 , missing ERR rate: 0.66 , mistake ERR ra
te: 1.0[] 
 []


Overfull \hbox (6.74693pt too wide) in paragraph at lines 214--214
[]    \OT1/cmtt/m/n/10 When err is 27 , missing ERR rate: 0.63 , mistake ERR ra
te: 1.0[] 
 []


Overfull \hbox (59.24648pt too wide) in paragraph at lines 214--214
[]    \OT1/cmtt/m/n/10 When err is 28 , missing ERR rate: 0.763333333333 , mist
ake ERR rate: 1.0[] 
 []


Overfull \hbox (59.24648pt too wide) in paragraph at lines 214--214
[]    \OT1/cmtt/m/n/10 When err is 29 , missing ERR rate: 0.756666666667 , mist
ake ERR rate: 1.0[] 
 []


Overfull \hbox (6.74693pt too wide) in paragraph at lines 214--214
[]    \OT1/cmtt/m/n/10 When err is 30 , missing ERR rate: 0.94 , mistake ERR ra
te: 1.0[] 
 []


Overfull \hbox (59.24648pt too wide) in paragraph at lines 214--214
[]    \OT1/cmtt/m/n/10 When err is 31 , missing ERR rate: 0.896666666667 , mist
ake ERR rate: 1.0[] 
 []


Overfull \hbox (1.49698pt too wide) in paragraph at lines 214--214
[]    \OT1/cmtt/m/n/10 When err is 32 , missing ERR rate: 1.0 , mistake ERR rat
e: 1.0[] 
 []


Overfull \hbox (1.49698pt too wide) in paragraph at lines 214--214
[]    \OT1/cmtt/m/n/10 When err is 33 , missing ERR rate: 1.0 , mistake ERR rat
e: 1.0[] 
 []


Overfull \hbox (1.49698pt too wide) in paragraph at lines 214--214
[]    \OT1/cmtt/m/n/10 When err is 34 , missing ERR rate: 1.0 , mistake ERR rat
e: 1.0[] 
 []


Overfull \hbox (1.49698pt too wide) in paragraph at lines 214--214
[]    \OT1/cmtt/m/n/10 When err is 1 , missing ERR rate: 0.08 , mistake ERR rat
e: 0.2[] 
 []


Overfull \hbox (6.74693pt too wide) in paragraph at lines 214--214
[]    \OT1/cmtt/m/n/10 When err is 2 , missing ERR rate: 0.168 , mistake ERR ra
te: 0.2[] 
 []


Overfull \hbox (11.99689pt too wide) in paragraph at lines 214--214
[]    \OT1/cmtt/m/n/10 When err is 3 , missing ERR rate: 0.138 , mistake ERR ra
te: 0.32[] 
 []


Overfull \hbox (11.99689pt too wide) in paragraph at lines 214--214
[]    \OT1/cmtt/m/n/10 When err is 4 , missing ERR rate: 0.18 , mistake ERR rat
e: 0.356[] 
 []


Overfull \hbox (11.99689pt too wide) in paragraph at lines 214--214
[]    \OT1/cmtt/m/n/10 When err is 5 , missing ERR rate: 0.152 , mistake ERR ra
te: 0.49[] 
 []


Overfull \hbox (17.24684pt too wide) in paragraph at lines 214--214
[]    \OT1/cmtt/m/n/10 When err is 6 , missing ERR rate: 0.208 , mistake ERR ra
te: 0.542[] 
 []


Overfull \hbox (11.99689pt too wide) in paragraph at lines 214--214
[]    \OT1/cmtt/m/n/10 When err is 7 , missing ERR rate: 0.19 , mistake ERR rat
e: 0.654[] 
 []


Overfull \hbox (11.99689pt too wide) in paragraph at lines 214--214
[]    \OT1/cmtt/m/n/10 When err is 8 , missing ERR rate: 0.27 , mistake ERR rat
e: 0.754[] 
 []


Overfull \hbox (17.24684pt too wide) in paragraph at lines 214--214
[]    \OT1/cmtt/m/n/10 When err is 9 , missing ERR rate: 0.252 , mistake ERR ra
te: 0.856[] 
 []


Overfull \hbox (22.4968pt too wide) in paragraph at lines 214--214
[]    \OT1/cmtt/m/n/10 When err is 10 , missing ERR rate: 0.312 , mistake ERR r
ate: 0.914[] 
 []


Overfull \hbox (22.4968pt too wide) in paragraph at lines 214--214
[]    \OT1/cmtt/m/n/10 When err is 11 , missing ERR rate: 0.266 , mistake ERR r
ate: 0.968[] 
 []


Overfull \hbox (17.24684pt too wide) in paragraph at lines 214--214
[]    \OT1/cmtt/m/n/10 When err is 12 , missing ERR rate: 0.362 , mistake ERR r
ate: 0.99[] 
 []


Overfull \hbox (6.74693pt too wide) in paragraph at lines 214--214
[]    \OT1/cmtt/m/n/10 When err is 13 , missing ERR rate: 0.33 , mistake ERR ra
te: 1.0[] 
 []


Overfull \hbox (11.99689pt too wide) in paragraph at lines 214--214
[]    \OT1/cmtt/m/n/10 When err is 14 , missing ERR rate: 0.426 , mistake ERR r
ate: 1.0[] 
 []


Overfull \hbox (11.99689pt too wide) in paragraph at lines 214--214
[]    \OT1/cmtt/m/n/10 When err is 15 , missing ERR rate: 0.398 , mistake ERR r
ate: 1.0[] 
 []


Overfull \hbox (11.99689pt too wide) in paragraph at lines 214--214
[]    \OT1/cmtt/m/n/10 When err is 16 , missing ERR rate: 0.476 , mistake ERR r
ate: 1.0[] 
 []


Overfull \hbox (11.99689pt too wide) in paragraph at lines 214--214
[]    \OT1/cmtt/m/n/10 When err is 17 , missing ERR rate: 0.436 , mistake ERR r
ate: 1.0[] 
 []


Overfull \hbox (6.74693pt too wide) in paragraph at lines 214--214
[]    \OT1/cmtt/m/n/10 When err is 18 , missing ERR rate: 0.57 , mistake ERR ra
te: 1.0[] 
 []


Overfull \hbox (11.99689pt too wide) in paragraph at lines 214--214
[]    \OT1/cmtt/m/n/10 When err is 19 , missing ERR rate: 0.518 , mistake ERR r
ate: 1.0[] 
 []


Overfull \hbox (11.99689pt too wide) in paragraph at lines 214--214
[]    \OT1/cmtt/m/n/10 When err is 20 , missing ERR rate: 0.638 , mistake ERR r
ate: 1.0[] 
 []


Overfull \hbox (6.74693pt too wide) in paragraph at lines 214--214
[]    \OT1/cmtt/m/n/10 When err is 21 , missing ERR rate: 0.57 , mistake ERR ra
te: 1.0[] 
 []


Overfull \hbox (11.99689pt too wide) in paragraph at lines 214--214
[]    \OT1/cmtt/m/n/10 When err is 22 , missing ERR rate: 0.692 , mistake ERR r
ate: 1.0[] 
 []

[9]
Overfull \hbox (6.74693pt too wide) in paragraph at lines 214--214
[]    \OT1/cmtt/m/n/10 When err is 23 , missing ERR rate: 0.71 , mistake ERR ra
te: 1.0[] 
 []


Overfull \hbox (6.74693pt too wide) in paragraph at lines 214--214
[]    \OT1/cmtt/m/n/10 When err is 24 , missing ERR rate: 0.81 , mistake ERR ra
te: 1.0[] 
 []


Overfull \hbox (11.99689pt too wide) in paragraph at lines 214--214
[]    \OT1/cmtt/m/n/10 When err is 25 , missing ERR rate: 0.756 , mistake ERR r
ate: 1.0[] 
 []


Overfull \hbox (11.99689pt too wide) in paragraph at lines 214--214
[]    \OT1/cmtt/m/n/10 When err is 26 , missing ERR rate: 0.906 , mistake ERR r
ate: 1.0[] 
 []


Overfull \hbox (6.74693pt too wide) in paragraph at lines 214--214
[]    \OT1/cmtt/m/n/10 When err is 27 , missing ERR rate: 0.88 , mistake ERR ra
te: 1.0[] 
 []


Overfull \hbox (11.99689pt too wide) in paragraph at lines 214--214
[]    \OT1/cmtt/m/n/10 When err is 28 , missing ERR rate: 0.978 , mistake ERR r
ate: 1.0[] 
 []


Overfull \hbox (11.99689pt too wide) in paragraph at lines 214--214
[]    \OT1/cmtt/m/n/10 When err is 29 , missing ERR rate: 0.958 , mistake ERR r
ate: 1.0[] 
 []


Overfull \hbox (11.99689pt too wide) in paragraph at lines 214--214
[]    \OT1/cmtt/m/n/10 When err is 30 , missing ERR rate: 0.998 , mistake ERR r
ate: 1.0[] 
 []


Overfull \hbox (11.99689pt too wide) in paragraph at lines 214--214
[]    \OT1/cmtt/m/n/10 When err is 31 , missing ERR rate: 0.994 , mistake ERR r
ate: 1.0[] 
 []


Overfull \hbox (1.49698pt too wide) in paragraph at lines 214--214
[]    \OT1/cmtt/m/n/10 When err is 32 , missing ERR rate: 1.0 , mistake ERR rat
e: 1.0[] 
 []


Overfull \hbox (1.49698pt too wide) in paragraph at lines 214--214
[]    \OT1/cmtt/m/n/10 When err is 33 , missing ERR rate: 1.0 , mistake ERR rat
e: 1.0[] 
 []


Overfull \hbox (1.49698pt too wide) in paragraph at lines 214--214
[]    \OT1/cmtt/m/n/10 When err is 34 , missing ERR rate: 1.0 , mistake ERR rat
e: 1.0[] 
 []


Underfull \hbox (badness 10000) in paragraph at lines 218--224

 []


Underfull \hbox (badness 10000) in paragraph at lines 243--245

 []

[10] (./report.aux) ) 
Here is how much of TeX's memory you used:
 14202 strings out of 493027
 284017 string characters out of 6134070
 380352 words of memory out of 5000000
 17480 multiletter control sequences out of 15000+600000
 9537 words of font info for 35 fonts, out of 8000000 for 9000
 1141 hyphenation exceptions out of 8191
 55i,6n,66p,431b,1613s stack positions out of 5000i,500n,10000p,200000b,80000s
</usr/local/texlive/2015/texmf-dist/fonts/type1/public/ams
fonts/cm/cmbx10.pfb></usr/local/texlive/2015/texmf-dist/fonts/type1/public/amsf
onts/cm/cmbx12.pfb></usr/local/texlive/2015/texmf-dist/fonts/type1/public/amsfo
nts/cm/cmmi10.pfb></usr/local/texlive/2015/texmf-dist/fonts/type1/public/amsfon
ts/cm/cmr10.pfb></usr/local/texlive/2015/texmf-dist/fonts/type1/public/amsfonts
/cm/cmr12.pfb></usr/local/texlive/2015/texmf-dist/fonts/type1/public/amsfonts/c
m/cmr17.pfb></usr/local/texlive/2015/texmf-dist/fonts/type1/public/amsfonts/cm/
cmsy10.pfb></usr/local/texlive/2015/texmf-dist/fonts/type1/public/amsfonts/cm/c
mti10.pfb></usr/local/texlive/2015/texmf-dist/fonts/type1/public/amsfonts/cm/cm
tt10.pfb>
Output written on report.pdf (10 pages, 147947 bytes).
PDF statistics:
 76 PDF objects out of 1000 (max. 8388607)
 54 compressed objects within 1 object stream
 0 named destinations out of 1000 (max. 500000)
 13 words of extra memory for PDF output out of 10000 (max. 10000000)

